\BOOKMARK [1][-]{section.1}{Annahmen zur Aufgabenstellung und Umformungen der Eingabedaten}{}% 1
\BOOKMARK [2][-]{subsection.1.1}{Umformung der Tankstellendaten}{section.1}% 2
\BOOKMARK [2][-]{subsection.1.2}{Umformung der historischen Benzinpreisdaten}{section.1}% 3
\BOOKMARK [2][-]{subsection.1.3}{Umformung der Routendaten}{section.1}% 4
\BOOKMARK [2][-]{subsection.1.4}{Umformung der Preisvorhersagedaten}{section.1}% 5
\BOOKMARK [1][-]{section.2}{Algorithmenidee}{}% 6
\BOOKMARK [2][-]{subsection.2.1}{L\366sung der Benzinpreis-Vorhersage-Problems}{section.2}% 7
\BOOKMARK [3][-]{subsubsection.2.1.1}{Ansatz}{subsection.2.1}% 8
\BOOKMARK [3][-]{subsubsection.2.1.2}{Umsetzung der L\366sung}{subsection.2.1}% 9
\BOOKMARK [3][-]{subsubsection.2.1.3}{Bewertung der L\366sung}{subsection.2.1}% 10
\BOOKMARK [2][-]{subsection.2.2}{L\366sung des Routenproblems}{section.2}% 11
\BOOKMARK [3][-]{subsubsection.2.2.1}{Ansatz der L\366sung}{subsection.2.2}% 12
\BOOKMARK [3][-]{subsubsection.2.2.2}{Umsetzung der L\366sung}{subsection.2.2}% 13
\BOOKMARK [1][-]{section.3}{Implementierung und Umsetzung der L\366sung}{}% 14
\BOOKMARK [2][-]{subsection.3.1}{Klasse GasStation}{section.3}% 15
\BOOKMARK [2][-]{subsection.3.2}{Klasse Route}{section.3}% 16
\BOOKMARK [2][-]{subsection.3.3}{Klasse PrizeForecast}{section.3}% 17
\BOOKMARK [2][-]{subsection.3.4}{Klasse Supervisor}{section.3}% 18
\BOOKMARK [2][-]{subsection.3.5}{Klasse Model}{section.3}% 19
\BOOKMARK [2][-]{subsection.3.6}{Klasse Strategy}{section.3}% 20
\BOOKMARK [1][-]{section.4}{Ausblick und Erweiterungen}{}% 21
